 ******************************************************
 ******************************************************
 **           This is ZFITTER version 6.42           **
 **                   05/05/18                       **
 ******************************************************
 ** http://www.ifh.de/theory/publist.html            **
 ******************************************************

 ZUINIT> ZFITTER defaults:

 ZFITTER flag values:
 AFBC: 1 SCAL: 0 SCRE: 0 AMT4: 4 BORN: 0
 BOXD: 1 CONV: 1 FINR: 1 FOT2: 3 GAMS: 1
 DIAG: 1 INTF: 1 BARB: 2 PART: 0 POWR: 1
 PRNT: 0 ALEM: 3 QCDC: 3 VPOL: 1 WEAK: 1
 FTJR: 1 EXPR: 0 EXPF: 0 HIGS: 0 AFMT: 3
 CZAK: 1 PREC:10 HIG2: 0 ALE2: 3 GFER: 2
 ISPP: 2 FSRS: 1 MISC: 0 MISD: 1 IPFC: 5
 IPSC: 0 IPTO: 3 FBHO: 0 FSPP: 0 FUNA: 0
 ASCR: 1 SFSR: 1 ENUE: 1 TUPV: 1 DMWW: 0
 DSWW: 0


 ZFITTER cut values:
   INDF  ICUT    ACOL    EMIN    S_PR    ANG0    ANG1     SPP
      0    -1    0.00    0.00    0.00    0.00  180.00    0.00
      1    -1    0.00    0.00    0.00    0.00  180.00    0.00
      2    -1    0.00    0.00    0.00    0.00  180.00    0.00
      3    -1    0.00    0.00    0.00    0.00  180.00    0.00
      4    -1    0.00    0.00    0.00    0.00  180.00    0.00
      5    -1    0.00    0.00    0.00    0.00  180.00    0.00
      6    -1    0.00    0.00    0.00    0.00  180.00    0.00
      7    -1    0.00    0.00    0.00    0.00  180.00    0.00
      8    -1    0.00    0.00    0.00    0.00  180.00    0.00
      9    -1    0.00    0.00    0.00    0.00  180.00    0.00
     10    -1    0.00    0.00    0.00    0.00  180.00    0.00
     11    -1    0.00    0.00    0.00    0.00  180.00    0.00



 ZFITTER input parameters:
 DAL5H =  0.0280398093
 ALQED5=  128.886183
  ZMASS =   91.18760;  TMASS =  178.00000
  HMASS =  100.00000
  DAL5H =    0.02804; ALQED5 =  128.88618
  ALFAS =    0.11700;  ALFAT =    0.10637

 ZFITTER intermediate results:
  WMASS =   80.39522; SIN2TW =    0.22270

 ALPHST =    0.11700;
 QCDCOR =  1.00000 1.03938 1.04639 1.03877 1.03177 1.03941 1.04611 1.03877 1.03177 1.03938 1.04639 1.03937 1.02506-0.00002 0.19863

 CHANNEL         WIDTH         RHO_F_R        RHO_F_T        SIN2_EFF
 -------        -------       --------       --------       --------
 nu,nubar       167.299       1.008546       1.008546       0.231036
 e+,e-           84.037       1.005790       1.005643       0.231417
 mu+,mu-         84.037       1.005790       1.005643       0.231417
 tau+,tau-       83.847       1.005790       1.005643       0.231417
 u,ubar         300.128       1.006390       1.006339       0.231310
 d,dbar         383.033       1.007315       1.007306       0.231183
 c,cbar         300.059       1.006390       1.006339       0.231310
 s,sbar         383.033       1.007315       1.007306       0.231183
 t,tbar           0.000       0.000000       0.000000       0.000000
 b,bbar         375.593       0.993885       0.993885       0.233004
 hadron        1741.846
 total         2495.664

 W-widths
 lept,nubar     679.896
 down,ubar     1412.691
 total         2092.587

 C1U(D)2U(D)=-.1889062284  0.3412800711  -.0371905251  0.0234933913

 USE OF AN OBSOLETED OPTION, ICUT=0;
 Might be useful for backcompatibility with 5.xx;
 Presently, ICUT=2,3 recommended for realistic cuts.
 ZFITTER flag values:
 AFBC: 1 SCAL: 0 SCRE: 0 AMT4: 6 BORN: 0
 BOXD: 1 CONV: 1 FINR: 1 FOT2: 3 GAMS: 1
 DIAG: 1 INTF: 1 BARB: 2 PART: 0 POWR: 1
 PRNT: 0 ALEM: 3 QCDC: 3 VPOL: 1 WEAK: 1
 FTJR: 1 EXPR: 0 EXPF: 0 HIGS: 0 AFMT: 3
 CZAK: 1 PREC:10 HIG2: 0 ALE2: 3 GFER: 2
 ISPP: 1 FSRS: 1 MISC: 0 MISD: 1 IPFC: 5
 IPSC: 0 IPTO: 3 FBHO: 0 FSPP: 0 FUNA: 0
 ASCR: 1 SFSR: 1 ENUE: 1 TUPV: 1 DMWW: 0
 DSWW: 0


  SQRT(S) =   35.

      <-------------- Cross Section -------------->  <------- Asymmetry ------->  <--Tau_Pol-->  <----A_LR--->
 INDF   ZUTHSM   ZUXSEC    ZUXSA   ZUXSA2   ZUXAFB   ZUTHSM  ZUXSA ZUXSA2 ZUXAFB ZUTPSM  ZUTAU  ZULRSM  ZUALR
    0  0.00057  0.00057
    1  0.09502  0.09502  0.09502  0.09502  0.09502  -0.0647-0.0647-0.0647-0.0647
    2  0.09527  0.09527  0.09527  0.09527  0.09527  -0.0646-0.0646-0.0646-0.0646
    3  0.09410  0.09410  0.09410  0.09410  0.09410  -0.0644-0.0644-0.0644-0.0644 0.0068 0.0068
    4  0.13269  0.13269  0.13269                    -0.1109-0.1109                            -0.0562 0.0000
    5  0.03386  0.03386  0.03386                    -0.1995-0.1995                            -0.1951 0.0000
    6  0.13278  0.13278  0.13278                    -0.1113-0.1113                            -0.0562 0.0000
    7  0.03386  0.03386  0.03386                    -0.1995-0.1995                            -0.1951 0.0000
    8  0.00000  0.00000  0.00000                     0.0000 0.0000                             0.0000 0.0000
    9  0.03236  0.03236  0.03236                    -0.2112-0.2112                            -0.2028 0.0000
   10  0.36555  0.36555                                                                       -0.0949 0.0000
   11  1.47314  1.46905  1.46905  1.46905            0.8513 0.8491 0.8491


  SQRT(S) =   65.

      <-------------- Cross Section -------------->  <------- Asymmetry ------->  <--Tau_Pol-->  <----A_LR--->
 INDF   ZUTHSM   ZUXSEC    ZUXSA   ZUXSA2   ZUXAFB   ZUTHSM  ZUXSA ZUXSA2 ZUXAFB ZUTPSM  ZUTAU  ZULRSM  ZUALR
    0  0.00558  0.00558
    1  0.03188  0.03188  0.03188  0.03188  0.03188  -0.3671-0.3671-0.3671-0.3671
    2  0.03196  0.03196  0.03196  0.03196  0.03196  -0.3663-0.3663-0.3663-0.3663
    3  0.03196  0.03196  0.03196  0.03196  0.03196  -0.3651-0.3651-0.3651-0.3651 0.0250 0.0250
    4  0.04973  0.04973  0.04973                    -0.4738-0.4738                            -0.2291 0.0000
    5  0.02195  0.02195  0.02195                    -0.4876-0.4876                            -0.4444 0.0000
    6  0.04975  0.04975  0.04975                    -0.4746-0.4746                            -0.2291 0.0000
    7  0.02195  0.02195  0.02195                    -0.4876-0.4876                            -0.4444 0.0000
    8  0.00000  0.00000  0.00000                     0.0000 0.0000                             0.0000 0.0000
    9  0.02165  0.02165  0.02165                    -0.4980-0.4980                            -0.4500 0.0000
   10  0.16503  0.16503                                                                       -0.3153 0.0000
   11  0.45484  0.45474  0.45473  0.45473            0.8370 0.8366 0.8366


  SQRT(S) =   89.1875992

      <-------------- Cross Section -------------->  <------- Asymmetry ------->  <--Tau_Pol-->  <----A_LR--->
 INDF   ZUTHSM   ZUXSEC    ZUXSA   ZUXSA2   ZUXAFB   ZUTHSM  ZUXSA ZUXSA2 ZUXAFB ZUTPSM  ZUTAU  ZULRSM  ZUALR
    0  0.79464  0.79464
    1  0.41291  0.41291  0.41291  0.41291  0.41291  -0.1885-0.1885-0.1885-0.1885
    2  0.41309  0.41309  0.41309  0.41309  0.41309  -0.1885-0.1885-0.1885-0.1885
    3  0.41223  0.41223  0.41223  0.41223  0.41223  -0.1888-0.1888-0.1888-0.1888-0.1206-0.1206
    4  1.44131  1.44131  1.44131                    -0.0473-0.0473                             0.0841 0.0000
    5  1.81653  1.81653  1.81653                     0.0544 0.0544                             0.1031 0.0000
    6  1.44105  1.44105  1.44105                    -0.0474-0.0474                             0.0841 0.0000
    7  1.81654  1.81654  1.81653                     0.0544 0.0544                             0.1031 0.0000
    8  0.00000  0.00000  0.00000                     0.0000 0.0000                             0.0000 0.0000
    9  1.78022  1.78022  1.78022                     0.0542 0.0542                             0.1025 0.0000
   10  8.29565  8.29565                                                                        0.0963 0.0000
   11  0.70082  0.70101  0.70090  0.70090            0.4313 0.4312 0.4312


  SQRT(S) =   91.1875992

      <-------------- Cross Section -------------->  <------- Asymmetry ------->  <--Tau_Pol-->  <----A_LR--->
 INDF   ZUTHSM   ZUXSEC    ZUXSA   ZUXSA2   ZUXAFB   ZUTHSM  ZUXSA ZUXSA2 ZUXAFB ZUTPSM  ZUTAU  ZULRSM  ZUALR
    0  2.91319  2.91319
    1  1.47692  1.47692  1.47692  1.47692  1.47692   0.0003 0.0003 0.0003 0.0003
    2  1.47745  1.47745  1.47745  1.47745  1.47745   0.0003 0.0003 0.0003 0.0003
    3  1.47438  1.47438  1.47438  1.47438  1.47438   0.0001 0.0001 0.0001 0.0001-0.1431-0.1431
    4  5.24201  5.24201  5.24201                     0.0615 0.0615                             0.1418 0.0000
    5  6.67109  6.67109  6.67109                     0.0971 0.0971                             0.1441 0.0000
    6  5.24108  5.24108  5.24109                     0.0616 0.0616                             0.1418 0.0000
    7  6.67112  6.67112  6.67113                     0.0971 0.0971                             0.1441 0.0000
    8  0.00000  0.00000  0.00000                     0.0000 0.0000                             0.0000 0.0000
    9  6.54153  6.54153  6.54153                     0.0982 0.0982                             0.1444 0.0000
   10 30.36683 30.36683                                                                        0.1434 0.0000
   11  1.37174  1.37182  1.37174  1.37174            0.1869 0.1869 0.1869




  SQRT(S) =   93.1875992

      <-------------- Cross Section -------------->  <------- Asymmetry ------->  <--Tau_Pol-->  <----A_LR--->
 INDF   ZUTHSM   ZUXSEC    ZUXSA   ZUXSA2   ZUXAFB   ZUTHSM  ZUXSA ZUXSA2 ZUXAFB ZUTPSM  ZUTAU  ZULRSM  ZUALR
    0  1.22102  1.22102
    1  0.62880  0.62880  0.62880  0.62880  0.62880   0.1209 0.1209 0.1209 0.1209
    2  0.62905  0.62905  0.62905  0.62905  0.62905   0.1209 0.1209 0.1209 0.1209
    3  0.62781  0.62781  0.62781  0.62781  0.62781   0.1208 0.1208 0.1208 0.1208-0.1530-0.1530
    4  2.21270  2.21270  2.21270                     0.1293 0.1293                             0.1763 0.0000
    5  2.80592  2.80592  2.80592                     0.1235 0.1235                             0.1695 0.0000
    6  2.21234  2.21234  2.21235                     0.1295 0.1295                             0.1763 0.0000
    7  2.80593  2.80593  2.80594                     0.1235 0.1235                             0.1695 0.0000
    8  0.00000  0.00000  0.00000                     0.0000 0.0000                             0.0000 0.0000
    9  2.75285  2.75285  2.75285                     0.1253 0.1253                             0.1704 0.0000
   10 12.78974 12.78953                                                                        0.1720 0.0000
   11  0.52345  0.52335  0.52336  0.52336            0.2174 0.2174 0.2174


  SQRT(S) =   100.

      <-------------- Cross Section -------------->  <------- Asymmetry ------->  <--Tau_Pol-->  <----A_LR--->
 INDF   ZUTHSM   ZUXSEC    ZUXSA   ZUXSA2   ZUXAFB   ZUTHSM  ZUXSA ZUXSA2 ZUXAFB ZUTPSM  ZUTAU  ZULRSM  ZUALR
    0  0.20718  0.20718
    1  0.11707  0.11707  0.11707  0.11707  0.11707   0.2404 0.2404 0.2404 0.2404
    2  0.11714  0.11714  0.11715  0.11715  0.11714   0.2403 0.2403 0.2403 0.2403
    3  0.11696  0.11696  0.11696  0.11696  0.11696   0.2405 0.2405 0.2405 0.2405-0.1520-0.1520
    4  0.39006  0.39006  0.39006                     0.2003 0.2003                             0.2078 0.0000
    5  0.48082  0.48082  0.48082                     0.1518 0.1518                             0.1962 0.0000
    6  0.39002  0.39002  0.39002                     0.2006 0.2006                             0.2078 0.0000
    7  0.48083  0.48083  0.48083                     0.1518 0.1518                             0.1962 0.0000
    8  0.00000  0.00000  0.00000                     0.0000 0.0000                             0.0000 0.0000
    9  0.47229  0.47229  0.47229                     0.1546 0.1546                             0.1981 0.0000
   10  2.21402  2.21402                                                                        0.2007 0.0000
   11  0.19403  0.19401  0.19400  0.19400            0.6379 0.6381 0.6381


  SQRT(S) =   140.

      <-------------- Cross Section -------------->  <------- Asymmetry ------->  <--Tau_Pol-->  <----A_LR--->
 INDF   ZUTHSM   ZUXSEC    ZUXSA   ZUXSA2   ZUXAFB   ZUTHSM  ZUXSA ZUXSA2 ZUXAFB ZUTPSM  ZUTAU  ZULRSM  ZUALR
    0  0.02252  0.02252
    1  0.01755  0.01755  0.01755  0.01755  0.01755   0.2920 0.2920 0.2920 0.2920
    2  0.01758  0.01758  0.01758  0.01758  0.01758   0.2917 0.2917 0.2917 0.2917
    3  0.01757  0.01757  0.01757  0.01757  0.01757   0.2917 0.2917 0.2917 0.2917-0.1171-0.1171
    4  0.04846  0.04846  0.04846                     0.2478 0.2478                             0.2115 0.0000
    5  0.05371  0.05371  0.05371                     0.1693 0.1694                             0.2045 0.0000
    6  0.04847  0.04847  0.04847                     0.2480 0.2480                             0.2115 0.0000
    7  0.05371  0.05371  0.05371                     0.1693 0.1694                             0.2045 0.0000
    8  0.00000  0.00000  0.00000                     0.0000 0.0000                             0.0000 0.0000
    9  0.05302  0.05302  0.05302                     0.1747 0.1747                             0.2107 0.0000
   10  0.25737  0.25691                                                                        0.2083 0.0000
   11  0.08494  0.08497  0.08498  0.08498            0.8995 0.8996 0.8996




  SQRT(S) =   175.

      <-------------- Cross Section -------------->  <------- Asymmetry ------->  <--Tau_Pol-->  <----A_LR--->
 INDF   ZUTHSM   ZUXSEC    ZUXSA   ZUXSA2   ZUXAFB   ZUTHSM  ZUXSA ZUXSA2 ZUXAFB ZUTPSM  ZUTAU  ZULRSM  ZUALR
    0  0.01078  0.01078
    1  0.00939  0.00939  0.00939  0.00939  0.00939   0.2815 0.2815 0.2815 0.2815
    2  0.00941  0.00941  0.00941  0.00941  0.00941   0.2810 0.2810 0.2810 0.2810
    3  0.00940  0.00940  0.00941  0.00941  0.00940   0.2810 0.2810 0.2810 0.2810-0.1006-0.1006
    4  0.02428  0.02428  0.02428                     0.2444 0.2444                             0.2016 0.0000
    5  0.02587  0.02587  0.02587                     0.1617 0.1618                             0.1953 0.0000
    6  0.02428  0.02428  0.02428                     0.2445 0.2445                             0.2016 0.0000
    7  0.02587  0.02587  0.02587                     0.1617 0.1618                             0.1953 0.0000
    8  0.00000  0.00000  0.00000                     0.0000 0.0000                             0.0000 0.0000
    9  0.02561  0.02561  0.02561                     0.1693 0.1693                             0.2063 0.0000
   10  0.12590  0.12545                                                                        0.1998 0.0000
   11  0.05490  0.05491  0.05491  0.05491            0.9019 0.9021 0.9021

